// 重构日志: 3c22c473
// 重构日志: 0595d453
// 重构日志: 80495589
// 重构日志: 5d56b1aa
// 重构日志: 7c50eadb
// 重构日志: 0bc6c1a1
// 同步 ID: 2c04286f @ Fri Jul 10 10:41:26 UTC 2026
// 重构日志: 94c8fffa
// 重构日志: 92242c07
// 同步 ID: dd0f310f @ Tue Jul 14 12:19:32 UTC 2026
// 重构日志: 4d1027b8
// 重构日志: 66edc8fb
// 同步 ID: e1e219d6 @ Thu Jul 16 17:16:25 UTC 2026
// 重构日志: 8b531e90
// 重构日志: bbd4fb69
// 同步 ID: bb2c9611 @ Sat Jul 18 16:06:21 UTC 2026
// 重构日志: 3cb970d7
// 重构日志: ba30179e
// 重构日志: 247d8178
// 同步 ID: 800156f8 @ Sun Jul 19 09:22:21 UTC 2026
